Log file open, 11/11/18 20:53:30
LogWindows: Failed to load 'aqProf.dll' (GetLastError=126)
LogWindows: File 'aqProf.dll' does not exist
LogWindows: Failed to load 'VtuneApi.dll' (GetLastError=126)
LogWindows: File 'VtuneApi.dll' does not exist
LogWindows: Failed to load 'VtuneApi32e.dll' (GetLastError=126)
LogWindows: File 'VtuneApi32e.dll' does not exist
LogInit: Display: Running engine for game: CliffHanger
LogPlatformFile: Not using cached read wrapper
LogTaskGraph: Started task graph with 5 named threads and 23 total threads with 3 sets of task threads.
LogStats: Stats thread started at 0.372451
LogD3D11RHI: Loaded GFSDK_Aftermath_Lib.x64.dll
LogICUInternationalization: Display: ICU TimeZone Detection - Raw Offset: +9:00, Platform Override: ''
LogPluginManager: Mounting plugin Paper2D
LogPluginManager: Mounting plugin AISupport
LogPluginManager: Mounting plugin LightPropagationVolume
LogPluginManager: Mounting plugin CLionSourceCodeAccess
LogPluginManager: Mounting plugin CodeLiteSourceCodeAccess
LogPluginManager: Mounting plugin GitSourceControl
LogPluginManager: Mounting plugin KDevelopSourceCodeAccess
LogPluginManager: Mounting plugin NullSourceCodeAccess
LogPluginManager: Mounting plugin PerforceSourceControl
LogPluginManager: Mounting plugin SubversionSourceControl
LogPluginManager: Mounting plugin UObjectPlugin
LogPluginManager: Mounting plugin VisualStudioCodeSourceCodeAccess
LogPluginManager: Mounting plugin VisualStudioSourceCodeAccess
LogPluginManager: Mounting plugin XCodeSourceCodeAccess
LogPluginManager: Mounting plugin AssetManagerEditor
LogPluginManager: Mounting plugin CryptoKeys
LogPluginManager: Mounting plugin DataValidation
LogPluginManager: Mounting plugin FacialAnimation
LogPluginManager: Mounting plugin GameplayTagsEditor
LogPluginManager: Mounting plugin MacGraphicsSwitching
LogPluginManager: Mounting plugin MeshEditor
LogPluginManager: Mounting plugin MobileLauncherProfileWizard
LogPluginManager: Mounting plugin PluginBrowser
LogPluginManager: Mounting plugin SpeedTreeImporter
LogPluginManager: Mounting plugin DatasmithContent
LogPluginManager: Mounting plugin AlembicImporter
LogPluginManager: Mounting plugin AppleImageUtils
LogPluginManager: Mounting plugin AppleVision
LogPluginManager: Mounting plugin BackChannel
LogPluginManager: Mounting plugin CharacterAI
LogPluginManager: Mounting plugin GeometryCache
LogPluginManager: Mounting plugin HTML5Networking
LogPluginManager: Mounting plugin ProxyLODPlugin
LogPluginManager: Mounting plugin MagicLeap
LogPluginManager: Mounting plugin MagicLeapEmulator
LogPluginManager: Mounting plugin MagicLeapMedia
LogPluginManager: Mounting plugin AndroidMedia
LogPluginManager: Mounting plugin AvfMedia
LogPluginManager: Mounting plugin ImgMedia
LogPluginManager: Mounting plugin LinearTimecode
LogPluginManager: Mounting plugin MediaCompositing
LogPluginManager: Mounting plugin MediaPlayerEditor
LogPluginManager: Mounting plugin WmfMedia
LogPluginManager: Mounting plugin TcpMessaging
LogPluginManager: Mounting plugin UdpMessaging
LogPluginManager: Mounting plugin ActorSequence
LogPluginManager: Mounting plugin LevelSequenceEditor
LogPluginManager: Mounting plugin MatineeToLevelSequence
LogPluginManager: Mounting plugin NetcodeUnitTest
LogPluginManager: Mounting plugin NUTUnrealEngine4
LogPluginManager: Mounting plugin OnlineSubsystemGooglePlay
LogPluginManager: Mounting plugin OnlineSubsystemIOS
LogPluginManager: Mounting plugin OnlineSubsystem
LogPluginManager: Mounting plugin OnlineSubsystemNull
LogPluginManager: Mounting plugin OnlineSubsystemUtils
LogPluginManager: Mounting plugin LauncherChunkInstaller
LogPluginManager: Mounting plugin AndroidDeviceProfileSelector
LogPluginManager: Mounting plugin AndroidMoviePlayer
LogPluginManager: Mounting plugin AndroidPermission
LogPluginManager: Mounting plugin AppleMoviePlayer
LogPluginManager: Mounting plugin ArchVisCharacter
LogPluginManager: Mounting plugin AudioCapture
LogPluginManager: Mounting plugin CableComponent
LogPluginManager: Mounting plugin CustomMeshComponent
LogPluginManager: Mounting plugin EditableMesh
LogPluginManager: Mounting plugin ExampleDeviceProfileSelector
LogPluginManager: Mounting plugin GoogleCloudMessaging
LogPluginManager: Mounting plugin ImmediatePhysics
LogPluginManager: Mounting plugin IOSDeviceProfileSelector
LogPluginManager: Mounting plugin LinuxDeviceProfileSelector
LogPluginManager: Mounting plugin LocationServicesBPLibrary
LogPluginManager: Mounting plugin MobilePatchingUtils
LogPluginManager: Mounting plugin OculusVR
LogPluginManager: Plugin shader directory ../../../Engine/Plugins/Runtime/Oculus/OculusVR/Shaders found
LogPluginManager: Mapping shader source directory ../../../Engine/Plugins/Runtime/Oculus/OculusVR/Shaders to virtual directory /Plugin/OculusVR
LogPluginManager: Mounting plugin PhysXVehicles
LogPluginManager: Mounting plugin ProceduralMeshComponent
LogPluginManager: Mounting plugin RuntimePhysXCooking
LogPluginManager: Mounting plugin SteamVR
LogPluginManager: Mounting plugin WindowsMoviePlayer
LogStreaming: Display: Took  0.207s to configure plugins.
LogInit: Using libcurl 7.55.1-DEV
LogInit:  - built for x86_64-pc-win32
LogInit:  - supports SSL with OpenSSL/1.0.2h
LogInit:  - supports HTTP deflate (compression) using libz 1.2.8
LogInit:  - other features:
LogInit:      CURL_VERSION_SSL
LogInit:      CURL_VERSION_LIBZ
LogInit:      CURL_VERSION_IPV6
LogInit:      CURL_VERSION_ASYNCHDNS
LogInit:      CURL_VERSION_LARGEFILE
LogInit:      CURL_VERSION_IDN
LogInit:  CurlRequestOptions (configurable via config and command line):
LogInit:  - bVerifyPeer = false  - Libcurl will NOT verify peer certificate
LogInit:  - bUseHttpProxy = false  - Libcurl will NOT use HTTP proxy
LogInit:  - bDontReuseConnections = false  - Libcurl will reuse connections
LogInit:  - CertBundlePath = nullptr  - Libcurl will use whatever was configured at build time.
LogInit:  - MaxHostConnections = 16  - Libcurl will limit the number of connections to a host
LogInit:  - LocalHostAddr = Default
LogInit:  - BufferSize = 65536
LogInit: WinSock: version 1.1 (2.2), MaxSocks=32767, MaxUdp=65467
LogInit: Build: ++UE4+Release-4.20-CL-0
LogInit: Engine Version: 4.20.3-0+++UE4+Release-4.20
LogInit: Compatible Engine Version: 4.20.0-0+++UE4+Release-4.20
LogInit: Net CL: 0
LogInit: OS: Windows 10 (), CPU: Intel(R) Core(TM) i7-4770K CPU @ 3.50GHz, GPU: NVIDIA GeForce GTX 1060 6GB
LogInit: Compiled (64-bit): Oct 28 2018 20:18:34
LogInit: Compiled with Visual C++: 19.00.24215.01
LogInit: Build Configuration: Development
LogInit: Branch Name: ++UE4+Release-4.20
LogInit: Command Line:  
LogInit: Base Directory: E:/Unreal/Engine/UnrealEngine/LocalBuilds/Engine/Windows/Engine/Binaries/Win64/
LogInit: Installed Engine Build: 1
LogDevObjectVersion: Number of dev versions registered: 20
LogDevObjectVersion:   Dev-Blueprints (B0D832E4-1F89-4F0D-ACCF-7EB736FD4AA2): 10
LogDevObjectVersion:   Dev-Build (E1C64328-A22C-4D53-A36C-8E866417BD8C): 0
LogDevObjectVersion:   Dev-Core (375EC13C-06E4-48FB-B500-84F0262A717E): 2
LogDevObjectVersion:   Dev-Editor (E4B068ED-F494-42E9-A231-DA0B2E46BB41): 24
LogDevObjectVersion:   Dev-Framework (CFFC743F-43B0-4480-9391-14DF171D2073): 34
LogDevObjectVersion:   Dev-Mobile (B02B49B5-BB20-44E9-A304-32B752E40360): 2
LogDevObjectVersion:   Dev-Networking (A4E4105C-59A1-49B5-A7C5-40C4547EDFEE): 0
LogDevObjectVersion:   Dev-Online (39C831C9-5AE6-47DC-9A44-9C173E1C8E7C): 0
LogDevObjectVersion:   Dev-Physics (78F01B33-EBEA-4F98-B9B4-84EACCB95AA2): 0
LogDevObjectVersion:   Dev-Platform (6631380F-2D4D-43E0-8009-CF276956A95A): 0
LogDevObjectVersion:   Dev-Rendering (12F88B9F-8875-4AFC-A67C-D90C383ABD29): 26
LogDevObjectVersion:   Dev-Sequencer (7B5AE74C-D270-4C10-A958-57980B212A5A): 9
LogDevObjectVersion:   Dev-VR (D7296918-1DD6-4BDD-9DE2-64A83CC13884): 2
LogDevObjectVersion:   Dev-LoadTimes (C2A15278-BFE7-4AFE-6C17-90FF531DF755): 1
LogDevObjectVersion:   Private-Geometry (6EACA3D4-40EC-4CC1-B786-8BED09428FC5): 3
LogDevObjectVersion:   Dev-AnimPhys (29E575DD-E0A3-4627-9D10-D276232CDCEA): 17
LogDevObjectVersion:   Dev-ReflectionCapture (6B266CEC-1EC7-4B8F-A30B-E4D90942FC07): 1
LogDevObjectVersion:   Dev-Automation (0DF73D61-A23F-47EA-B727-89E90C41499A): 1
LogDevObjectVersion:   FortniteMain (601D1886-AC64-4F84-AA16-D3DE0DEAC7D6): 12
LogDevObjectVersion:   Dev-Enterprise (9DFFBCD6-494F-0158-E221-12823C92A888): 1
LogStreaming: Display: Took  0.000s to delete old logs.
LogInit: Presizing for max 8388607 objects, including 0 objects not considered by GC, pre-allocating 0 bytes for permanent pool.
LogInit: Object subsystem initialized
[2018.11.11-11.53.31:168][  0]LogInit: Selected Device Profile: [Windows]
[2018.11.11-11.53.31:168][  0]LogInit: Applying CVar settings loaded from the selected device profile: [Windows]
[2018.11.11-11.53.31:177][  0]LogHAL: Display: Platform has ~ 16 GB [17107058688 / 17179869184 / 16], which maps to Larger [LargestMinGB=32, LargerMinGB=12, DefaultMinGB=8, SmallerMinGB=6, SmallestMinGB=0)
[2018.11.11-11.53.31:177][  0]LogInit: Setting Device Profile CVar: [[r.Vulkan.UseRealUBs:1]]
[2018.11.11-11.53.31:177][  0]LogInit: Going up to parent DeviceProfile []
[2018.11.11-11.53.31:177][  0]LogInit: Computer: DESKTOP-0D5PGMK
[2018.11.11-11.53.31:177][  0]LogInit: User: kgmma
[2018.11.11-11.53.31:177][  0]LogInit: CPU Page size=4096, Cores=4
[2018.11.11-11.53.31:177][  0]LogInit: High frequency timer resolution =10.000000 MHz
[2018.11.11-11.53.31:177][  0]LogMemory: Memory total: Physical=15.9GB (16GB approx)
[2018.11.11-11.53.31:177][  0]LogMemory: Platform Memory Stats for Windows
[2018.11.11-11.53.31:177][  0]LogMemory: Process Physical Memory: 102.72 MB used, 102.72 MB peak
[2018.11.11-11.53.31:177][  0]LogMemory: Process Virtual Memory: 85.47 MB used, 85.47 MB peak
[2018.11.11-11.53.31:177][  0]LogMemory: Physical Memory: 5945.48 MB used,  10369.08 MB free, 16314.56 MB total
[2018.11.11-11.53.31:177][  0]LogMemory: Virtual Memory: 4640.80 MB used,  10369.08 MB free, 134217728.00 MB total
[2018.11.11-11.53.31:275][  0]LogInit: Using OS detected language (ko-KR).
[2018.11.11-11.53.31:275][  0]LogInit: Using OS detected locale (ko-KR).
[2018.11.11-11.53.31:276][  0]LogTextLocalizationManager: No specific localization for 'ko-KR' exists, so the 'ko' localization will be used.
[2018.11.11-11.53.31:676][  0]LogStreaming: Display: Took  0.401s to InitEngineTextLocalization.
[2018.11.11-11.53.31:676][  0]LogInit: Setting process to per monitor DPI aware
[2018.11.11-11.53.31:768][  0]LogSlate: New Slate User Created.  User Index 0, Is Virtual User: 0
[2018.11.11-11.53.31:768][  0]LogSlate: Slate User Registered.  User Index 0, Is Virtual User: 0
[2018.11.11-11.53.32:263][  0]LogHMD: Failed to initialize OpenVR with code 110
[2018.11.11-11.53.32:263][  0]LogD3D11RHI: D3D11 adapters:
[2018.11.11-11.53.32:394][  0]LogD3D11RHI:    0. 'NVIDIA GeForce GTX 1060 6GB' (Feature Level 11_0)
[2018.11.11-11.53.32:394][  0]LogD3D11RHI:       6052/0/8157 MB DedicatedVideo/DedicatedSystem/SharedSystem, Outputs:1, VendorId:0x10de
[2018.11.11-11.53.32:400][  0]LogD3D11RHI:    1. 'Microsoft Basic Render Driver' (Feature Level 11_0)
[2018.11.11-11.53.32:400][  0]LogD3D11RHI:       0/0/8157 MB DedicatedVideo/DedicatedSystem/SharedSystem, Outputs:0, VendorId:0x1414
[2018.11.11-11.53.32:400][  0]LogD3D11RHI: Chosen D3D11 Adapter: 0
[2018.11.11-11.53.32:410][  0]LogD3D11RHI: Creating new Direct3DDevice
[2018.11.11-11.53.32:410][  0]LogD3D11RHI:     GPU DeviceId: 0x1c03 (for the marketing name, search the web for "GPU Device Id")
[2018.11.11-11.53.32:410][  0]LogWindows: EnumDisplayDevices:
[2018.11.11-11.53.32:411][  0]LogWindows:    0. 'NVIDIA GeForce GTX 1060 6GB' (P:1 D:1)
[2018.11.11-11.53.32:413][  0]LogWindows:    1. 'NVIDIA GeForce GTX 1060 6GB' (P:0 D:0)
[2018.11.11-11.53.32:415][  0]LogWindows:    2. 'NVIDIA GeForce GTX 1060 6GB' (P:0 D:0)
[2018.11.11-11.53.32:417][  0]LogWindows:    3. 'NVIDIA GeForce GTX 1060 6GB' (P:0 D:0)
[2018.11.11-11.53.32:418][  0]LogWindows: DebugString: FoundDriverCount:4 
[2018.11.11-11.53.32:418][  0]LogD3D11RHI:     Adapter Name: NVIDIA GeForce GTX 1060 6GB
[2018.11.11-11.53.32:419][  0]LogD3D11RHI:   Driver Version: 411.70 (internal:24.21.14.1170, unified:411.70)
[2018.11.11-11.53.32:419][  0]LogD3D11RHI:      Driver Date: 9-25-2018
[2018.11.11-11.53.32:419][  0]LogRHI: Texture pool is 4236 MB (70% of 6052 MB)
[2018.11.11-11.53.32:491][  0]LogD3D11RHI: Async texture creation enabled
[2018.11.11-11.53.32:519][  0]LogD3D11RHI: GPU Timing Frequency: 1000.000000 (Debug: 2 2)
[2018.11.11-11.53.32:525][  0]LogShaderCompilers: Guid format shader working directory is -2 characters bigger than the processId version (../../../../../../../../CliffHanger/CliffHanger/Intermediate/Shaders/WorkingDirectory/17076/).
[2018.11.11-11.53.32:526][  0]LogShaderCompilers: Cleaned the shader compiler working directory 'C:/Users/kgmma/AppData/Local/Temp/UnrealShaderWorkingDir/2E9C1E1C44622497B423E4BDB0242A15/'.
[2018.11.11-11.53.32:976][  0]LogTemp: Display: Loaded TP AllDesktopTargetPlatform
[2018.11.11-11.53.33:010][  0]LogTemp: Display: Loaded TP MacClientTargetPlatform
[2018.11.11-11.53.33:037][  0]LogTemp: Display: Loaded TP MacNoEditorTargetPlatform
[2018.11.11-11.53.33:075][  0]LogTemp: Display: Loaded TP MacServerTargetPlatform
[2018.11.11-11.53.33:115][  0]LogTemp: Display: Loaded TP MacTargetPlatform
[2018.11.11-11.53.33:160][  0]LogTemp: Display: Loaded TP WindowsClientTargetPlatform
[2018.11.11-11.53.33:199][  0]LogTemp: Display: Loaded TP WindowsNoEditorTargetPlatform
[2018.11.11-11.53.33:243][  0]LogTemp: Display: Loaded TP WindowsServerTargetPlatform
[2018.11.11-11.53.33:269][  0]LogTemp: Display: Loaded TP WindowsTargetPlatform
[2018.11.11-11.53.33:373][  0]LogTemp: Display: Loaded TP AndroidTargetPlatform
[2018.11.11-11.53.33:373][  0]LogTemp: Display: Loaded TP AndroidTargetPlatform
[2018.11.11-11.53.33:373][  0]LogTemp: Display: Loaded TP AndroidTargetPlatform
[2018.11.11-11.53.33:373][  0]LogTemp: Display: Loaded TP AndroidTargetPlatform
[2018.11.11-11.53.33:373][  0]LogTemp: Display: Loaded TP AndroidTargetPlatform
[2018.11.11-11.53.33:373][  0]LogTemp: Display: Loaded TP AndroidTargetPlatform
[2018.11.11-11.53.33:373][  0]LogTemp: Display: Loaded TP AndroidTargetPlatform
[2018.11.11-11.53.33:373][  0]LogTemp: Display: Loaded TP AndroidTargetPlatform
[2018.11.11-11.53.33:373][  0]LogTemp: Display: Loaded TP AndroidTargetPlatform
[2018.11.11-11.53.33:373][  0]LogTemp: Display: Loaded TP AndroidTargetPlatform
[2018.11.11-11.53.33:373][  0]LogTemp: Display: Loaded TP AndroidTargetPlatform
[2018.11.11-11.53.33:373][  0]LogTemp: Display: Loaded TP AndroidTargetPlatform
[2018.11.11-11.53.33:373][  0]LogTemp: Display: Loaded TP AndroidTargetPlatform
[2018.11.11-11.53.33:373][  0]LogTemp: Display: Loaded TP AndroidTargetPlatform
[2018.11.11-11.53.33:373][  0]LogTemp: Display: Loaded TP AndroidTargetPlatform
[2018.11.11-11.53.33:373][  0]LogTemp: Display: Loaded TP AndroidTargetPlatform
[2018.11.11-11.53.33:373][  0]LogTemp: Display: Loaded TP AndroidTargetPlatform
[2018.11.11-11.53.33:373][  0]LogTemp: Display: Loaded TP AndroidTargetPlatform
[2018.11.11-11.53.33:387][  0]LogTemp: Display: HTML5 SDK path "E:/Unreal/Engine/UnrealEngine/LocalBuilds/Engine/Windows/Engine/Extras/ThirdPartyNotUE/emsdk/Win64", does not exist!
[2018.11.11-11.53.33:387][  0]LogTemp: Display: HTML5 SDK path "E:/Unreal/Engine/UnrealEngine/LocalBuilds/Engine/Windows/Engine/Extras/ThirdPartyNotUE/emsdk/Win64", does not exist!
[2018.11.11-11.53.33:505][  0]LogTemp: Display: Loaded TP IOSTargetPlatform
[2018.11.11-11.53.33:505][  0]LogTemp: Display: Loaded TP IOSTargetPlatform
[2018.11.11-11.53.33:554][  0]LogTemp: Display: Loaded TP TVOSTargetPlatform
[2018.11.11-11.53.33:554][  0]LogTemp: Display: Loaded TP TVOSTargetPlatform
[2018.11.11-11.53.33:576][  0]LogTemp: Display: Loaded TP LuminTargetPlatform
[2018.11.11-11.53.33:576][  0]LogTargetPlatformManager: Display: Building Assets For Windows
[2018.11.11-11.53.33:956][  0]LogXGEController: Cleaning working directory: C:/Users/kgmma/AppData/Local/Temp/UnrealXGEWorkingDir/
[2018.11.11-11.53.33:956][  0]LogXGEController: Cannot use XGE Controller as Incredibuild is not installed on this machine.
[2018.11.11-11.53.33:956][  0]LogShaderCompilers: Cannot use XGE Shader Compiler as Incredibuild is not installed on this machine.
[2018.11.11-11.53.33:956][  0]LogShaderCompilers: Display: Using Local Shader Compiler.
[2018.11.11-11.53.34:813][  0]LogDerivedDataCache: Display: Max Cache Size: 512 MB
[2018.11.11-11.53.34:918][  0]LogDerivedDataCache: Loaded boot cache 0.10s 67MB C:/Users/kgmma/AppData/Local/UnrealEngine/4.20/DerivedDataCache/Boot.ddc.
[2018.11.11-11.53.34:918][  0]LogDerivedDataCache: Display: Loaded Boot cache: C:/Users/kgmma/AppData/Local/UnrealEngine/4.20/DerivedDataCache/Boot.ddc
[2018.11.11-11.53.34:918][  0]LogDerivedDataCache: FDerivedDataBackendGraph:  Pak pak cache file ../../../../../../../../CliffHanger/CliffHanger/DerivedDataCache/DDC.ddp not found, will not use a pak cache.
[2018.11.11-11.53.34:918][  0]LogDerivedDataCache: Unable to find inner node Pak for hierarchical cache Hierarchy.
[2018.11.11-11.53.34:918][  0]LogDerivedDataCache: FDerivedDataBackendGraph:  CompressedPak pak cache file ../../../../../../../../CliffHanger/CliffHanger/DerivedDataCache/Compressed.ddp not found, will not use a pak cache.
[2018.11.11-11.53.34:918][  0]LogDerivedDataCache: Unable to find inner node CompressedPak for hierarchical cache Hierarchy.
[2018.11.11-11.53.34:918][  0]LogDerivedDataCache: FDerivedDataBackendGraph:  EnginePak pak cache file ../../../Engine/DerivedDataCache/Compressed.ddp not found, will not use a pak cache.
[2018.11.11-11.53.34:918][  0]LogDerivedDataCache: Unable to find inner node EnginePak for hierarchical cache Hierarchy.
[2018.11.11-11.53.34:943][  0]LogDerivedDataCache: Using Local data cache path C:/Users/kgmma/AppData/Local/UnrealEngine/Common/DerivedDataCache: Writable
[2018.11.11-11.53.34:943][  0]LogDerivedDataCache: Shared data cache path not found in *engine.ini, will not use an Shared cache.
[2018.11.11-11.53.34:943][  0]LogDerivedDataCache: Unable to find inner node Shared for hierarchical cache Hierarchy.
[2018.11.11-11.53.34:968][  0]LogMaterial: Verifying Global Shaders for PCD3D_SM5
[2018.11.11-11.53.34:969][  0]LogSlate: Using FreeType 2.6.0
[2018.11.11-11.53.34:971][  0]LogSlate: SlateFontServices - WITH_FREETYPE: 1, WITH_HARFBUZZ: 1
[2018.11.11-11.53.35:103][  0]LogAssetRegistry: FAssetRegistry took 0.0382 seconds to start up
[2018.11.11-11.53.35:542][  0]LogInit: Selected Device Profile: [Windows]
[2018.11.11-11.53.35:875][  0]LogMeshReduction: Using ProxyLODMeshReduction for automatic mesh merging
[2018.11.11-11.53.35:875][  0]LogMeshReduction: Using QuadricMeshReduction for automatic static mesh reduction
[2018.11.11-11.53.35:875][  0]LogMeshReduction: No automatic skeletal mesh reduction module available
[2018.11.11-11.53.35:875][  0]LogMeshReduction: No distributed automatic mesh merging module available
[2018.11.11-11.53.35:875][  0]LogMeshMerging: No distributed automatic mesh merging module available
[2018.11.11-11.53.35:900][  0]LogNetVersion: CliffHanger 1.0.0, NetCL: 0, EngineNetVer: 5, GameNetVer: 0 (Checksum: 205997986)
[2018.11.11-11.53.36:674][  0]LogPackageLocalizationCache: Processed 11 localized package path(s) for 2 prioritized culture(s) in 0.204107 seconds
[2018.11.11-11.53.36:685][  0]LogUObjectArray: 38381 objects as part of root set at end of initial load.
[2018.11.11-11.53.36:685][  0]LogUObjectAllocator: 6683944 out of 0 bytes used by permanent object pool.
[2018.11.11-11.53.36:685][  0]LogUObjectArray: CloseDisregardForGC: 0/0 objects in disregard for GC pool
[2018.11.11-11.53.37:756][  0]LogStreaming: Warning: Failed to read file '../../../Engine/Content/Editor/Slate/Launcher/Mac/Platform_Mac_24x.png' error.
[2018.11.11-11.53.37:756][  0]LogSlate: Could not find file for Slate resource: ../../../Engine/Content/Editor/Slate/Launcher/Mac/Platform_Mac_24x.png
[2018.11.11-11.53.37:756][  0]LogStreaming: Warning: Failed to read file '../../../Engine/Content/Editor/Slate/Launcher/Mac/Platform_Mac_128x.png' error.
[2018.11.11-11.53.37:756][  0]LogSlate: Could not find file for Slate resource: ../../../Engine/Content/Editor/Slate/Launcher/Mac/Platform_Mac_128x.png
[2018.11.11-11.53.37:756][  0]LogStreaming: Warning: Failed to read file '../../../Engine/Content/Editor/Slate/Launcher/Mac/Platform_Mac_128x.png' error.
[2018.11.11-11.53.37:756][  0]LogSlate: Could not find file for Slate resource: ../../../Engine/Content/Editor/Slate/Launcher/Mac/Platform_Mac_128x.png
[2018.11.11-11.53.37:756][  0]LogStreaming: Warning: Failed to read file '../../../Engine/Content/Editor/Slate/Launcher/Mac/Platform_Mac_24x.png' error.
[2018.11.11-11.53.37:756][  0]LogSlate: Could not find file for Slate resource: ../../../Engine/Content/Editor/Slate/Launcher/Mac/Platform_Mac_24x.png
[2018.11.11-11.53.37:756][  0]LogStreaming: Warning: Failed to read file '../../../Engine/Content/Editor/Slate/Launcher/Mac/Platform_Mac_128x.png' error.
[2018.11.11-11.53.37:756][  0]LogSlate: Could not find file for Slate resource: ../../../Engine/Content/Editor/Slate/Launcher/Mac/Platform_Mac_128x.png
[2018.11.11-11.53.37:756][  0]LogStreaming: Warning: Failed to read file '../../../Engine/Content/Editor/Slate/Launcher/Mac/Platform_Mac_128x.png' error.
[2018.11.11-11.53.37:756][  0]LogSlate: Could not find file for Slate resource: ../../../Engine/Content/Editor/Slate/Launcher/Mac/Platform_Mac_128x.png
[2018.11.11-11.53.37:756][  0]LogStreaming: Warning: Failed to read file '../../../Engine/Content/Editor/Slate/Launcher/Mac/Platform_Mac_24x.png' error.
[2018.11.11-11.53.37:757][  0]LogSlate: Could not find file for Slate resource: ../../../Engine/Content/Editor/Slate/Launcher/Mac/Platform_Mac_24x.png
[2018.11.11-11.53.37:757][  0]LogStreaming: Warning: Failed to read file '../../../Engine/Content/Editor/Slate/Launcher/Mac/Platform_Mac_128x.png' error.
[2018.11.11-11.53.37:757][  0]LogSlate: Could not find file for Slate resource: ../../../Engine/Content/Editor/Slate/Launcher/Mac/Platform_Mac_128x.png
[2018.11.11-11.53.37:757][  0]LogStreaming: Warning: Failed to read file '../../../Engine/Content/Editor/Slate/Launcher/Mac/Platform_Mac_128x.png' error.
[2018.11.11-11.53.37:757][  0]LogSlate: Could not find file for Slate resource: ../../../Engine/Content/Editor/Slate/Launcher/Mac/Platform_Mac_128x.png
[2018.11.11-11.53.37:757][  0]LogStreaming: Warning: Failed to read file '../../../Engine/Content/Editor/Slate/Launcher/Mac/Platform_Mac_24x.png' error.
[2018.11.11-11.53.37:757][  0]LogSlate: Could not find file for Slate resource: ../../../Engine/Content/Editor/Slate/Launcher/Mac/Platform_Mac_24x.png
[2018.11.11-11.53.37:757][  0]LogStreaming: Warning: Failed to read file '../../../Engine/Content/Editor/Slate/Launcher/Mac/Platform_Mac_128x.png' error.
[2018.11.11-11.53.37:757][  0]LogSlate: Could not find file for Slate resource: ../../../Engine/Content/Editor/Slate/Launcher/Mac/Platform_Mac_128x.png
[2018.11.11-11.53.37:757][  0]LogStreaming: Warning: Failed to read file '../../../Engine/Content/Editor/Slate/Launcher/Mac/Platform_Mac_128x.png' error.
[2018.11.11-11.53.37:757][  0]LogSlate: Could not find file for Slate resource: ../../../Engine/Content/Editor/Slate/Launcher/Mac/Platform_Mac_128x.png
[2018.11.11-11.53.37:757][  0]LogStreaming: Warning: Failed to read file '../../../Engine/Content/Editor/Slate/Launcher/Linux/Platform_Linux_24x.png' error.
[2018.11.11-11.53.37:757][  0]LogSlate: Could not find file for Slate resource: ../../../Engine/Content/Editor/Slate/Launcher/Linux/Platform_Linux_24x.png
[2018.11.11-11.53.37:757][  0]LogStreaming: Warning: Failed to read file '../../../Engine/Content/Editor/Slate/Launcher/Linux/Platform_Linux_128x.png' error.
[2018.11.11-11.53.37:757][  0]LogSlate: Could not find file for Slate resource: ../../../Engine/Content/Editor/Slate/Launcher/Linux/Platform_Linux_128x.png
[2018.11.11-11.53.37:758][  0]LogStreaming: Warning: Failed to read file '../../../Engine/Content/Editor/Slate/Launcher/Linux/Platform_Linux_128x.png' error.
[2018.11.11-11.53.37:758][  0]LogSlate: Could not find file for Slate resource: ../../../Engine/Content/Editor/Slate/Launcher/Linux/Platform_Linux_128x.png
[2018.11.11-11.53.37:758][  0]LogStreaming: Warning: Failed to read file '../../../Engine/Content/Editor/Slate/Launcher/Linux/Platform_Linux_24x.png' error.
[2018.11.11-11.53.37:758][  0]LogSlate: Could not find file for Slate resource: ../../../Engine/Content/Editor/Slate/Launcher/Linux/Platform_Linux_24x.png
[2018.11.11-11.53.37:758][  0]LogStreaming: Warning: Failed to read file '../../../Engine/Content/Editor/Slate/Launcher/Linux/Platform_Linux_128x.png' error.
[2018.11.11-11.53.37:758][  0]LogSlate: Could not find file for Slate resource: ../../../Engine/Content/Editor/Slate/Launcher/Linux/Platform_Linux_128x.png
[2018.11.11-11.53.37:758][  0]LogStreaming: Warning: Failed to read file '../../../Engine/Content/Editor/Slate/Launcher/Linux/Platform_Linux_128x.png' error.
[2018.11.11-11.53.37:758][  0]LogSlate: Could not find file for Slate resource: ../../../Engine/Content/Editor/Slate/Launcher/Linux/Platform_Linux_128x.png
[2018.11.11-11.53.37:758][  0]LogStreaming: Warning: Failed to read file '../../../Engine/Content/Editor/Slate/Launcher/Linux/Platform_Linux_24x.png' error.
[2018.11.11-11.53.37:758][  0]LogSlate: Could not find file for Slate resource: ../../../Engine/Content/Editor/Slate/Launcher/Linux/Platform_Linux_24x.png
[2018.11.11-11.53.37:758][  0]LogStreaming: Warning: Failed to read file '../../../Engine/Content/Editor/Slate/Launcher/Linux/Platform_Linux_128x.png' error.
[2018.11.11-11.53.37:758][  0]LogSlate: Could not find file for Slate resource: ../../../Engine/Content/Editor/Slate/Launcher/Linux/Platform_Linux_128x.png
[2018.11.11-11.53.37:758][  0]LogStreaming: Warning: Failed to read file '../../../Engine/Content/Editor/Slate/Launcher/Linux/Platform_Linux_128x.png' error.
[2018.11.11-11.53.37:758][  0]LogSlate: Could not find file for Slate resource: ../../../Engine/Content/Editor/Slate/Launcher/Linux/Platform_Linux_128x.png
[2018.11.11-11.53.37:758][  0]LogStreaming: Warning: Failed to read file '../../../Engine/Content/Editor/Slate/Launcher/Linux/Platform_Linux_24x.png' error.
[2018.11.11-11.53.37:758][  0]LogSlate: Could not find file for Slate resource: ../../../Engine/Content/Editor/Slate/Launcher/Linux/Platform_Linux_24x.png
[2018.11.11-11.53.37:758][  0]LogStreaming: Warning: Failed to read file '../../../Engine/Content/Editor/Slate/Launcher/Linux/Platform_Linux_128x.png' error.
[2018.11.11-11.53.37:759][  0]LogSlate: Could not find file for Slate resource: ../../../Engine/Content/Editor/Slate/Launcher/Linux/Platform_Linux_128x.png
[2018.11.11-11.53.37:759][  0]LogStreaming: Warning: Failed to read file '../../../Engine/Content/Editor/Slate/Launcher/Linux/Platform_Linux_128x.png' error.
[2018.11.11-11.53.37:759][  0]LogSlate: Could not find file for Slate resource: ../../../Engine/Content/Editor/Slate/Launcher/Linux/Platform_Linux_128x.png
[2018.11.11-11.53.37:760][  0]LogStreaming: Warning: Failed to read file '../../../Engine/Content/Editor/Slate/Launcher/Android/Platform_Android_24x.png' error.
[2018.11.11-11.53.37:760][  0]LogSlate: Could not find file for Slate resource: ../../../Engine/Content/Editor/Slate/Launcher/Android/Platform_Android_24x.png
[2018.11.11-11.53.37:760][  0]LogStreaming: Warning: Failed to read file '../../../Engine/Content/Editor/Slate/Launcher/Android/Platform_Android_128x.png' error.
[2018.11.11-11.53.37:760][  0]LogSlate: Could not find file for Slate resource: ../../../Engine/Content/Editor/Slate/Launcher/Android/Platform_Android_128x.png
[2018.11.11-11.53.37:760][  0]LogStreaming: Warning: Failed to read file '../../../Engine/Content/Editor/Slate/Launcher/Android/Platform_Android_128x.png' error.
[2018.11.11-11.53.37:760][  0]LogSlate: Could not find file for Slate resource: ../../../Engine/Content/Editor/Slate/Launcher/Android/Platform_Android_128x.png
[2018.11.11-11.53.37:760][  0]LogStreaming: Warning: Failed to read file '../../../Engine/Content/Editor/Slate/Launcher/Android/Platform_Android_24x.png' error.
[2018.11.11-11.53.37:760][  0]LogSlate: Could not find file for Slate resource: ../../../Engine/Content/Editor/Slate/Launcher/Android/Platform_Android_24x.png
[2018.11.11-11.53.37:760][  0]LogStreaming: Warning: Failed to read file '../../../Engine/Content/Editor/Slate/Launcher/Android/Platform_Android_128x.png' error.
[2018.11.11-11.53.37:760][  0]LogSlate: Could not find file for Slate resource: ../../../Engine/Content/Editor/Slate/Launcher/Android/Platform_Android_128x.png
[2018.11.11-11.53.37:760][  0]LogStreaming: Warning: Failed to read file '../../../Engine/Content/Editor/Slate/Launcher/Android/Platform_Android_128x.png' error.
[2018.11.11-11.53.37:761][  0]LogSlate: Could not find file for Slate resource: ../../../Engine/Content/Editor/Slate/Launcher/Android/Platform_Android_128x.png
[2018.11.11-11.53.37:761][  0]LogStreaming: Warning: Failed to read file '../../../Engine/Content/Editor/Slate/Launcher/Android/Platform_Android_ATC_24x.png' error.
[2018.11.11-11.53.37:761][  0]LogSlate: Could not find file for Slate resource: ../../../Engine/Content/Editor/Slate/Launcher/Android/Platform_Android_ATC_24x.png
[2018.11.11-11.53.37:761][  0]LogStreaming: Warning: Failed to read file '../../../Engine/Content/Editor/Slate/Launcher/Android/Platform_Android_128x.png' error.
[2018.11.11-11.53.37:761][  0]LogSlate: Could not find file for Slate resource: ../../../Engine/Content/Editor/Slate/Launcher/Android/Platform_Android_128x.png
[2018.11.11-11.53.37:761][  0]LogStreaming: Warning: Failed to read file '../../../Engine/Content/Editor/Slate/Launcher/Android/Platform_Android_128x.png' error.
[2018.11.11-11.53.37:761][  0]LogSlate: Could not find file for Slate resource: ../../../Engine/Content/Editor/Slate/Launcher/Android/Platform_Android_128x.png
[2018.11.11-11.53.37:761][  0]LogStreaming: Warning: Failed to read file '../../../Engine/Content/Editor/Slate/Launcher/Android/Platform_Android_DXT_24x.png' error.
[2018.11.11-11.53.37:761][  0]LogSlate: Could not find file for Slate resource: ../../../Engine/Content/Editor/Slate/Launcher/Android/Platform_Android_DXT_24x.png
[2018.11.11-11.53.37:761][  0]LogStreaming: Warning: Failed to read file '../../../Engine/Content/Editor/Slate/Launcher/Android/Platform_Android_128x.png' error.
[2018.11.11-11.53.37:761][  0]LogSlate: Could not find file for Slate resource: ../../../Engine/Content/Editor/Slate/Launcher/Android/Platform_Android_128x.png
[2018.11.11-11.53.37:761][  0]LogStreaming: Warning: Failed to read file '../../../Engine/Content/Editor/Slate/Launcher/Android/Platform_Android_128x.png' error.
[2018.11.11-11.53.37:761][  0]LogSlate: Could not find file for Slate resource: ../../../Engine/Content/Editor/Slate/Launcher/Android/Platform_Android_128x.png
[2018.11.11-11.53.37:762][  0]LogStreaming: Warning: Failed to read file '../../../Engine/Content/Editor/Slate/Launcher/Android/Platform_Android_ETC1_24x.png' error.
[2018.11.11-11.53.37:762][  0]LogSlate: Could not find file for Slate resource: ../../../Engine/Content/Editor/Slate/Launcher/Android/Platform_Android_ETC1_24x.png
[2018.11.11-11.53.37:762][  0]LogStreaming: Warning: Failed to read file '../../../Engine/Content/Editor/Slate/Launcher/Android/Platform_Android_128x.png' error.
[2018.11.11-11.53.37:762][  0]LogSlate: Could not find file for Slate resource: ../../../Engine/Content/Editor/Slate/Launcher/Android/Platform_Android_128x.png
[2018.11.11-11.53.37:762][  0]LogStreaming: Warning: Failed to read file '../../../Engine/Content/Editor/Slate/Launcher/Android/Platform_Android_128x.png' error.
[2018.11.11-11.53.37:762][  0]LogSlate: Could not find file for Slate resource: ../../../Engine/Content/Editor/Slate/Launcher/Android/Platform_Android_128x.png
[2018.11.11-11.53.37:762][  0]LogStreaming: Warning: Failed to read file '../../../Engine/Content/Editor/Slate/Launcher/Android/Platform_Android_ETC1_24x.png' error.
[2018.11.11-11.53.37:762][  0]LogSlate: Could not find file for Slate resource: ../../../Engine/Content/Editor/Slate/Launcher/Android/Platform_Android_ETC1_24x.png
[2018.11.11-11.53.37:762][  0]LogStreaming: Warning: Failed to read file '../../../Engine/Content/Editor/Slate/Launcher/Android/Platform_Android_128x.png' error.
[2018.11.11-11.53.37:762][  0]LogSlate: Could not find file for Slate resource: ../../../Engine/Content/Editor/Slate/Launcher/Android/Platform_Android_128x.png
[2018.11.11-11.53.37:762][  0]LogStreaming: Warning: Failed to read file '../../../Engine/Content/Editor/Slate/Launcher/Android/Platform_Android_128x.png' error.
[2018.11.11-11.53.37:762][  0]LogSlate: Could not find file for Slate resource: ../../../Engine/Content/Editor/Slate/Launcher/Android/Platform_Android_128x.png
[2018.11.11-11.53.37:762][  0]LogStreaming: Warning: Failed to read file '../../../Engine/Content/Editor/Slate/Launcher/Android/Platform_Android_ETC2_24x.png' error.
[2018.11.11-11.53.37:762][  0]LogSlate: Could not find file for Slate resource: ../../../Engine/Content/Editor/Slate/Launcher/Android/Platform_Android_ETC2_24x.png
[2018.11.11-11.53.37:762][  0]LogStreaming: Warning: Failed to read file '../../../Engine/Content/Editor/Slate/Launcher/Android/Platform_Android_128x.png' error.
[2018.11.11-11.53.37:763][  0]LogSlate: Could not find file for Slate resource: ../../../Engine/Content/Editor/Slate/Launcher/Android/Platform_Android_128x.png
[2018.11.11-11.53.37:763][  0]LogStreaming: Warning: Failed to read file '../../../Engine/Content/Editor/Slate/Launcher/Android/Platform_Android_128x.png' error.
[2018.11.11-11.53.37:763][  0]LogSlate: Could not find file for Slate resource: ../../../Engine/Content/Editor/Slate/Launcher/Android/Platform_Android_128x.png
[2018.11.11-11.53.37:763][  0]LogStreaming: Warning: Failed to read file '../../../Engine/Content/Editor/Slate/Launcher/Android/Platform_Android_PVRTC_24x.png' error.
[2018.11.11-11.53.37:763][  0]LogSlate: Could not find file for Slate resource: ../../../Engine/Content/Editor/Slate/Launcher/Android/Platform_Android_PVRTC_24x.png
[2018.11.11-11.53.37:763][  0]LogStreaming: Warning: Failed to read file '../../../Engine/Content/Editor/Slate/Launcher/Android/Platform_Android_128x.png' error.
[2018.11.11-11.53.37:763][  0]LogSlate: Could not find file for Slate resource: ../../../Engine/Content/Editor/Slate/Launcher/Android/Platform_Android_128x.png
[2018.11.11-11.53.37:763][  0]LogStreaming: Warning: Failed to read file '../../../Engine/Content/Editor/Slate/Launcher/Android/Platform_Android_128x.png' error.
[2018.11.11-11.53.37:763][  0]LogSlate: Could not find file for Slate resource: ../../../Engine/Content/Editor/Slate/Launcher/Android/Platform_Android_128x.png
[2018.11.11-11.53.37:763][  0]LogStreaming: Warning: Failed to read file '../../../Engine/Content/Editor/Slate/Launcher/Android/Platform_Android_ASTC_24x.png' error.
[2018.11.11-11.53.37:763][  0]LogSlate: Could not find file for Slate resource: ../../../Engine/Content/Editor/Slate/Launcher/Android/Platform_Android_ASTC_24x.png
[2018.11.11-11.53.37:763][  0]LogStreaming: Warning: Failed to read file '../../../Engine/Content/Editor/Slate/Launcher/Android/Platform_Android_128x.png' error.
[2018.11.11-11.53.37:763][  0]LogSlate: Could not find file for Slate resource: ../../../Engine/Content/Editor/Slate/Launcher/Android/Platform_Android_128x.png
[2018.11.11-11.53.37:763][  0]LogStreaming: Warning: Failed to read file '../../../Engine/Content/Editor/Slate/Launcher/Android/Platform_Android_128x.png' error.
[2018.11.11-11.53.37:763][  0]LogSlate: Could not find file for Slate resource: ../../../Engine/Content/Editor/Slate/Launcher/Android/Platform_Android_128x.png
[2018.11.11-11.53.37:763][  0]LogStreaming: Warning: Failed to read file '../../../Engine/Content/Editor/Slate/Launcher/Android/Platform_Android_24x.png' error.
[2018.11.11-11.53.37:764][  0]LogSlate: Could not find file for Slate resource: ../../../Engine/Content/Editor/Slate/Launcher/Android/Platform_Android_24x.png
[2018.11.11-11.53.37:764][  0]LogStreaming: Warning: Failed to read file '../../../Engine/Content/Editor/Slate/Launcher/Android/Platform_Android_128x.png' error.
[2018.11.11-11.53.37:764][  0]LogSlate: Could not find file for Slate resource: ../../../Engine/Content/Editor/Slate/Launcher/Android/Platform_Android_128x.png
[2018.11.11-11.53.37:764][  0]LogStreaming: Warning: Failed to read file '../../../Engine/Content/Editor/Slate/Launcher/Android/Platform_Android_128x.png' error.
[2018.11.11-11.53.37:764][  0]LogSlate: Could not find file for Slate resource: ../../../Engine/Content/Editor/Slate/Launcher/Android/Platform_Android_128x.png
[2018.11.11-11.53.37:764][  0]LogStreaming: Warning: Failed to read file '../../../Engine/Content/Editor/Slate/Launcher/Android/Platform_Android_24x.png' error.
[2018.11.11-11.53.37:764][  0]LogSlate: Could not find file for Slate resource: ../../../Engine/Content/Editor/Slate/Launcher/Android/Platform_Android_24x.png
[2018.11.11-11.53.37:764][  0]LogStreaming: Warning: Failed to read file '../../../Engine/Content/Editor/Slate/Launcher/Android/Platform_Android_128x.png' error.
[2018.11.11-11.53.37:764][  0]LogSlate: Could not find file for Slate resource: ../../../Engine/Content/Editor/Slate/Launcher/Android/Platform_Android_128x.png
[2018.11.11-11.53.37:764][  0]LogStreaming: Warning: Failed to read file '../../../Engine/Content/Editor/Slate/Launcher/Android/Platform_Android_128x.png' error.
[2018.11.11-11.53.37:764][  0]LogSlate: Could not find file for Slate resource: ../../../Engine/Content/Editor/Slate/Launcher/Android/Platform_Android_128x.png
[2018.11.11-11.53.37:765][  0]LogStreaming: Warning: Failed to read file '../../../Engine/Content/Editor/Slate/Launcher/Android/Platform_Android_ATC_24x.png' error.
[2018.11.11-11.53.37:765][  0]LogSlate: Could not find file for Slate resource: ../../../Engine/Content/Editor/Slate/Launcher/Android/Platform_Android_ATC_24x.png
[2018.11.11-11.53.37:765][  0]LogStreaming: Warning: Failed to read file '../../../Engine/Content/Editor/Slate/Launcher/Android/Platform_Android_128x.png' error.
[2018.11.11-11.53.37:765][  0]LogSlate: Could not find file for Slate resource: ../../../Engine/Content/Editor/Slate/Launcher/Android/Platform_Android_128x.png
[2018.11.11-11.53.37:765][  0]LogStreaming: Warning: Failed to read file '../../../Engine/Content/Editor/Slate/Launcher/Android/Platform_Android_128x.png' error.
[2018.11.11-11.53.37:765][  0]LogSlate: Could not find file for Slate resource: ../../../Engine/Content/Editor/Slate/Launcher/Android/Platform_Android_128x.png
[2018.11.11-11.53.37:765][  0]LogStreaming: Warning: Failed to read file '../../../Engine/Content/Editor/Slate/Launcher/Android/Platform_Android_DXT_24x.png' error.
[2018.11.11-11.53.37:765][  0]LogSlate: Could not find file for Slate resource: ../../../Engine/Content/Editor/Slate/Launcher/Android/Platform_Android_DXT_24x.png
[2018.11.11-11.53.37:765][  0]LogStreaming: Warning: Failed to read file '../../../Engine/Content/Editor/Slate/Launcher/Android/Platform_Android_128x.png' error.
[2018.11.11-11.53.37:765][  0]LogSlate: Could not find file for Slate resource: ../../../Engine/Content/Editor/Slate/Launcher/Android/Platform_Android_128x.png
[2018.11.11-11.53.37:765][  0]LogStreaming: Warning: Failed to read file '../../../Engine/Content/Editor/Slate/Launcher/Android/Platform_Android_128x.png' error.
[2018.11.11-11.53.37:765][  0]LogSlate: Could not find file for Slate resource: ../../../Engine/Content/Editor/Slate/Launcher/Android/Platform_Android_128x.png
[2018.11.11-11.53.37:765][  0]LogStreaming: Warning: Failed to read file '../../../Engine/Content/Editor/Slate/Launcher/Android/Platform_Android_ETC1_24x.png' error.
[2018.11.11-11.53.37:765][  0]LogSlate: Could not find file for Slate resource: ../../../Engine/Content/Editor/Slate/Launcher/Android/Platform_Android_ETC1_24x.png
[2018.11.11-11.53.37:766][  0]LogStreaming: Warning: Failed to read file '../../../Engine/Content/Editor/Slate/Launcher/Android/Platform_Android_128x.png' error.
[2018.11.11-11.53.37:766][  0]LogSlate: Could not find file for Slate resource: ../../../Engine/Content/Editor/Slate/Launcher/Android/Platform_Android_128x.png
[2018.11.11-11.53.37:766][  0]LogStreaming: Warning: Failed to read file '../../../Engine/Content/Editor/Slate/Launcher/Android/Platform_Android_128x.png' error.
[2018.11.11-11.53.37:766][  0]LogSlate: Could not find file for Slate resource: ../../../Engine/Content/Editor/Slate/Launcher/Android/Platform_Android_128x.png
[2018.11.11-11.53.37:766][  0]LogStreaming: Warning: Failed to read file '../../../Engine/Content/Editor/Slate/Launcher/Android/Platform_Android_ETC1_24x.png' error.
[2018.11.11-11.53.37:766][  0]LogSlate: Could not find file for Slate resource: ../../../Engine/Content/Editor/Slate/Launcher/Android/Platform_Android_ETC1_24x.png
[2018.11.11-11.53.37:766][  0]LogStreaming: Warning: Failed to read file '../../../Engine/Content/Editor/Slate/Launcher/Android/Platform_Android_128x.png' error.
[2018.11.11-11.53.37:766][  0]LogSlate: Could not find file for Slate resource: ../../../Engine/Content/Editor/Slate/Launcher/Android/Platform_Android_128x.png
[2018.11.11-11.53.37:766][  0]LogStreaming: Warning: Failed to read file '../../../Engine/Content/Editor/Slate/Launcher/Android/Platform_Android_128x.png' error.
[2018.11.11-11.53.37:766][  0]LogSlate: Could not find file for Slate resource: ../../../Engine/Content/Editor/Slate/Launcher/Android/Platform_Android_128x.png
[2018.11.11-11.53.37:766][  0]LogStreaming: Warning: Failed to read file '../../../Engine/Content/Editor/Slate/Launcher/Android/Platform_Android_ETC2_24x.png' error.
[2018.11.11-11.53.37:766][  0]LogSlate: Could not find file for Slate resource: ../../../Engine/Content/Editor/Slate/Launcher/Android/Platform_Android_ETC2_24x.png
[2018.11.11-11.53.37:766][  0]LogStreaming: Warning: Failed to read file '../../../Engine/Content/Editor/Slate/Launcher/Android/Platform_Android_128x.png' error.
[2018.11.11-11.53.37:766][  0]LogSlate: Could not find file for Slate resource: ../../../Engine/Content/Editor/Slate/Launcher/Android/Platform_Android_128x.png
[2018.11.11-11.53.37:766][  0]LogStreaming: Warning: Failed to read file '../../../Engine/Content/Editor/Slate/Launcher/Android/Platform_Android_128x.png' error.
[2018.11.11-11.53.37:767][  0]LogSlate: Could not find file for Slate resource: ../../../Engine/Content/Editor/Slate/Launcher/Android/Platform_Android_128x.png
[2018.11.11-11.53.37:767][  0]LogStreaming: Warning: Failed to read file '../../../Engine/Content/Editor/Slate/Launcher/Android/Platform_Android_PVRTC_24x.png' error.
[2018.11.11-11.53.37:767][  0]LogSlate: Could not find file for Slate resource: ../../../Engine/Content/Editor/Slate/Launcher/Android/Platform_Android_PVRTC_24x.png
[2018.11.11-11.53.37:767][  0]LogStreaming: Warning: Failed to read file '../../../Engine/Content/Editor/Slate/Launcher/Android/Platform_Android_128x.png' error.
[2018.11.11-11.53.37:767][  0]LogSlate: Could not find file for Slate resource: ../../../Engine/Content/Editor/Slate/Launcher/Android/Platform_Android_128x.png
[2018.11.11-11.53.37:767][  0]LogStreaming: Warning: Failed to read file '../../../Engine/Content/Editor/Slate/Launcher/Android/Platform_Android_128x.png' error.
[2018.11.11-11.53.37:767][  0]LogSlate: Could not find file for Slate resource: ../../../Engine/Content/Editor/Slate/Launcher/Android/Platform_Android_128x.png
[2018.11.11-11.53.37:767][  0]LogStreaming: Warning: Failed to read file '../../../Engine/Content/Editor/Slate/Launcher/Android/Platform_Android_ASTC_24x.png' error.
[2018.11.11-11.53.37:767][  0]LogSlate: Could not find file for Slate resource: ../../../Engine/Content/Editor/Slate/Launcher/Android/Platform_Android_ASTC_24x.png
[2018.11.11-11.53.37:767][  0]LogStreaming: Warning: Failed to read file '../../../Engine/Content/Editor/Slate/Launcher/Android/Platform_Android_128x.png' error.
[2018.11.11-11.53.37:767][  0]LogSlate: Could not find file for Slate resource: ../../../Engine/Content/Editor/Slate/Launcher/Android/Platform_Android_128x.png
[2018.11.11-11.53.37:767][  0]LogStreaming: Warning: Failed to read file '../../../Engine/Content/Editor/Slate/Launcher/Android/Platform_Android_128x.png' error.
[2018.11.11-11.53.37:767][  0]LogSlate: Could not find file for Slate resource: ../../../Engine/Content/Editor/Slate/Launcher/Android/Platform_Android_128x.png
[2018.11.11-11.53.38:988][  0]LogTcpMessaging: Initializing TcpMessaging bridge
[2018.11.11-11.53.39:036][  0]LogUdpMessaging: Initializing bridge on interface 0.0.0.0:0 to multicast group 230.0.0.1:6666.
[2018.11.11-11.53.39:521][  0]SourceControl: 소스 컨트롤이 꺼졌습니다.
[2018.11.11-11.53.39:521][  0]SourceControl: 소스 컨트롤이 꺼졌습니다.
[2018.11.11-11.53.39:548][  0]SourceControl: 소스 컨트롤이 꺼졌습니다.
[2018.11.11-11.53.39:562][  0]SourceControl: 소스 컨트롤이 꺼졌습니다.
[2018.11.11-11.53.40:369][  0]LogAndroidPermission: UAndroidPermissionCallbackProxy::GetInstance
[2018.11.11-11.53.40:977][  0]LogOcInput: OculusInput pre-init called
[2018.11.11-11.53.41:133][  0]LogEngine: Initializing Engine...
[2018.11.11-11.53.41:134][  0]LogHMD: Failed to initialize OpenVR with code 110
[2018.11.11-11.53.41:136][  0]LogStats: UGameplayTagsManager::ConstructGameplayTagTree: ImportINI prefixes -  0.000 s
[2018.11.11-11.53.41:136][  0]LogStats: UGameplayTagsManager::ConstructGameplayTagTree: Construct from data asset -  0.000 s
[2018.11.11-11.53.41:136][  0]LogStats: UGameplayTagsManager::ConstructGameplayTagTree: ImportINI -  0.000 s
[2018.11.11-11.53.41:136][  0]LogStats: UGameplayTagsManager::ConstructGameplayTagTree: GameplayTagTreeChangedEvent.Broadcast -  0.000 s
[2018.11.11-11.53.41:399][  0]LogInit: Initializing FReadOnlyCVARCache
[2018.11.11-11.53.41:442][  0]LogAIModule: Creating AISystem for world Untitled
[2018.11.11-11.53.41:632][  0]LogInit: XAudio2 using '스피커(High Definition Audio 장치)' : 2 channels at 48 kHz using 16 bits per sample (channel mask 0x3)
[2018.11.11-11.53.41:686][  0]LogInit: FAudioDevice initialized.
[2018.11.11-11.53.41:687][  0]LogNetVersion: Set ProjectVersion to 1.0.0.0. Version Checksum will be recalculated on next use.
[2018.11.11-11.53.41:790][  0]LogDerivedDataCache: Saved boot cache 0.10s 71MB C:/Users/kgmma/AppData/Local/UnrealEngine/4.20/DerivedDataCache/Boot.ddc.
[2018.11.11-11.53.41:844][  0]LogInit: Texture streaming: Enabled
[2018.11.11-11.53.41:955][  0]LogEngineSessionManager: EngineSessionManager initialized
[2018.11.11-11.53.42:014][  0]LogInit: Transaction tracking system initialized
[2018.11.11-11.53.42:172][  0]BlueprintLog: New page: 에디터 로드
[2018.11.11-11.53.42:733][  0]LocalizationService: 현지화 서비스가 비활성화되었습니다.
[2018.11.11-11.53.43:325][  0]LogCook: Display: Max memory allowance for cook 16384mb min free memory 0mb
[2018.11.11-11.53.43:325][  0]LogCook: Display: Mobile HDR setting 1
[2018.11.11-11.53.43:325][  0]LogGameplayTags: Display: UGameplayTagsManager::DoneAddingNativeTags. DelegateIsBound: 0
[2018.11.11-11.53.43:325][  0]LogStats: UGameplayTagsManager::ConstructGameplayTagTree: ImportINI prefixes -  0.000 s
[2018.11.11-11.53.43:325][  0]LogStats: UGameplayTagsManager::ConstructGameplayTagTree: Construct from data asset -  0.000 s
[2018.11.11-11.53.43:325][  0]LogStats: UGameplayTagsManager::ConstructGameplayTagTree: ImportINI -  0.000 s
[2018.11.11-11.53.43:325][  0]LogStats: UGameplayTagsManager::ConstructGameplayTagTree: GameplayTagTreeChangedEvent.Broadcast -  0.000 s
[2018.11.11-11.53.43:670][  0]LogFileCache: Scanning file cache for directory 'E:/Unreal/CliffHanger/CliffHanger/Content/' took 0.02s
[2018.11.11-11.53.43:963][  0]SourceControl: 소스 컨트롤이 꺼졌습니다.
[2018.11.11-11.53.43:964][  0]Cmd: MAP LOAD FILE="../../../../../../../../CliffHanger/CliffHanger/Content/SideScrollerBP/Maps/SideScrollerExampleMap.umap" TEMPLATE=0 SHOWPROGRESS=1 FEATURELEVEL=3
[2018.11.11-11.53.43:964][  0]LightingResults: New page: 라이팅 빌드
[2018.11.11-11.53.43:972][  0]MapCheck: New page: 맵 체크
[2018.11.11-11.53.43:972][  0]LightingResults: New page: 라이팅 빌드
[2018.11.11-11.53.44:399][  0]LogAIModule: Creating AISystem for world SideScrollerExampleMap
[2018.11.11-11.53.44:413][  0]LogEditorServer: Finished looking for orphan Actors (0.000 secs)
[2018.11.11-11.53.44:440][  0]Cmd: MAP CHECKDEP NOCLEARLOG
[2018.11.11-11.53.44:554][  0]MapCheck: 맵 체크 완료: 오류 0 회, 경고 0 회, 소요 시간 113.895ms.
[2018.11.11-11.53.44:554][  0]LogFileHelpers: Loading map 'SideScrollerExampleMap' took 0.590
[2018.11.11-11.53.44:732][  0]LogSlate: Updating window title bar state: overlay mode, drag disabled, window buttons hidden, title bar hidden
[2018.11.11-11.53.44:741][  0]LogSlate: Updating window title bar state: overlay mode, drag disabled, window buttons hidden, title bar hidden
[2018.11.11-11.53.44:749][  0]LogSlate: Updating window title bar state: overlay mode, drag disabled, window buttons hidden, title bar hidden
[2018.11.11-11.53.44:757][  0]LogSlate: Updating window title bar state: overlay mode, drag disabled, window buttons hidden, title bar hidden
[2018.11.11-11.53.44:789][  0]LogCollectionManager: Loaded 0 collections in 0.004900 seconds
[2018.11.11-11.53.44:844][  0]LogFileCache: Scanning file cache for directory 'E:/Unreal/CliffHanger/CliffHanger/Saved/Collections/' took 0.01s
[2018.11.11-11.53.44:844][  0]LogFileCache: Scanning file cache for directory 'E:/Unreal/CliffHanger/CliffHanger/Content/Developers/kgmma/Collections/' took 0.01s
[2018.11.11-11.53.44:844][  0]LogFileCache: Scanning file cache for directory 'E:/Unreal/CliffHanger/CliffHanger/Content/Collections/' took 0.01s
[2018.11.11-11.53.44:844][  0]LogCollectionManager: Rebuilt the GUID cache for 0 collections in 0.000000 seconds
[2018.11.11-11.53.44:854][  0]LogContentBrowser: Native class hierarchy populated in 0.0093 seconds. Added 2571 classes and 601 folders.
[2018.11.11-11.53.44:866][  0]LogContentBrowser: Native class hierarchy updated for 'WidgetCarousel' in 0.0003 seconds. Added 0 classes and 0 folders.
[2018.11.11-11.53.44:960][  0]LogContentBrowser: Native class hierarchy updated for 'AddContentDialog' in 0.0003 seconds. Added 0 classes and 0 folders.
[2018.11.11-11.53.44:987][  0]LogContentBrowser: Native class hierarchy updated for 'SceneOutliner' in 0.0004 seconds. Added 1 classes and 2 folders.
[2018.11.11-11.53.45:007][  0]LogSlate: Took 0.001343 seconds to synchronously load lazily loaded font '../../../Engine/Content/Slate/Fonts/Roboto-Regular.ttf' (155K)
[2018.11.11-11.53.45:016][  0]LogSlate: Took 0.007183 seconds to synchronously load lazily loaded font '../../../Engine/Content/Editor/Slate/Fonts/NanumGothic.ttf' (4243K)
[2018.11.11-11.53.45:022][  0]LogSlate: Took 0.004312 seconds to synchronously load lazily loaded font '../../../Engine/Content/Editor/Slate/Fonts/NanumGothicBold.ttf' (4188K)
[2018.11.11-11.53.45:022][  0]LogSlate: Took 0.000453 seconds to synchronously load lazily loaded font '../../../Engine/Content/Slate/Fonts/Roboto-Bold.ttf' (160K)
[2018.11.11-11.53.45:027][  0]LogSlate: Took 0.000738 seconds to synchronously load lazily loaded font '../../../Engine/Content/Editor/Slate/Fonts/FontAwesome.ttf' (139K)
[2018.11.11-11.53.45:148][  0]LogRenderer: Reallocating scene render targets to support 1056x556 Format 10 NumSamples 1 (Frame:1).
[2018.11.11-11.53.45:342][  0]LogContentBrowser: Native class hierarchy updated for 'HierarchicalLODOutliner' in 0.0003 seconds. Added 0 classes and 0 folders.
[2018.11.11-11.53.45:342][  0]LogLoad: (Engine Initialization) Total time: 17.12 seconds
[2018.11.11-11.53.45:342][  0]LogLoad: (Engine Initialization) Total Blueprint compile time: 0.00 seconds
[2018.11.11-11.53.45:581][  0]LogWindowsTextInputMethodSystem: Display: IME system now activated using TSF (Microsoft 입력기).
[2018.11.11-11.53.45:611][  0]LogContentStreaming: Texture pool size now 1000 MB
[2018.11.11-11.53.45:635][  0]LogSlate: Took 0.000439 seconds to synchronously load lazily loaded font '../../../Engine/Content/Slate/Fonts/Roboto-Light.ttf' (167K)
[2018.11.11-11.53.45:653][  1]LogAssetRegistry: Asset discovery search completed in 10.5845 seconds
[2018.11.11-11.53.45:655][  1]LogCollectionManager: Rebuilt the object cache for 0 collections in 0.000003 seconds (found 0 objects)
[2018.11.11-11.53.45:655][  1]LogCollectionManager: Fixed up redirectors for 0 collections in 0.000047 seconds (updated 0 objects)
[2018.11.11-11.53.55:947][130]LogSlate: FSceneViewport::OnFocusLost() reason 0
[2018.11.11-11.54.15:921][375]LogSlate: Took 0.000434 seconds to synchronously load lazily loaded font '../../../Engine/Content/Slate/Fonts/Roboto-Light.ttf' (167K)
[2018.11.11-11.54.16:003][375]LogSlate: Took 0.015284 seconds to synchronously load lazily loaded font '../../../Engine/Content/Slate/Fonts/Roboto-BoldCondensed.ttf' (158K)
[2018.11.11-11.54.27:411][707]Running E:/Unreal/Engine/UnrealEngine/LocalBuilds/Engine/Windows/Engine/Binaries/DotNET/UnrealBuildTool.exe  -projectfiles -project="E:/Unreal/CliffHanger/CliffHanger/CliffHanger.uproject" -game -rocket -progress
[2018.11.11-11.54.27:830][707]Discovering modules, targets and source code for project...
[2018.11.11-11.54.31:769][707]E:\Unreal\Engine\UnrealEngine\LocalBuilds\Engine\Windows\Engine\Source\ThirdParty\Expat\Expat.Build.cs: warning: Referenced directory 'E:\Unreal\Engine\UnrealEngine\LocalBuilds\Engine\Windows\Engine\Source\ThirdParty\Expat\expat-2.2.0\Win64\VS2015\Release' does not exist.
[2018.11.11-11.54.35:923][707]LogHotReload: Recompiling module CliffHanger...
[2018.11.11-11.54.35:927][707]LogVSAccessor: Warning: Couldn't access Visual Studio
[2018.11.11-11.54.35:991][707]Candidate modules for hot reload:
[2018.11.11-11.54.35:991][707]  CliffHanger
[2018.11.11-11.54.35:991][707]Launching UnrealBuildTool... [E:/Unreal/Engine/UnrealEngine/LocalBuilds/Engine/Windows/Engine/Binaries/DotNET/UnrealBuildTool.exe  -ModuleWithSuffix=CliffHanger,5481 Win64 Development -TargetType=Editor -Project="../../../../../../../../CliffHanger/CliffHanger/CliffHanger.uproject" -canskiplink -nosharedpch "E:/Unreal/CliffHanger/CliffHanger/CliffHanger.uproject" ]
[2018.11.11-11.56.06:593][707]Performing full C++ include scan (hot reloading a new target)
Using 'git status' to determine working set for adaptive non-unity build.
Creating makefile for hot reloading CliffHangerEditor (no existing makefile)
Compiling game modules for hot reload
Using Visual Studio 2015 14.0 toolchain (C:\Program Files (x86)\Microsoft Visual Studio 14.0\VC) and Windows 10.0.17763.0 SDK (C:\Program Files (x86)\Windows Kits\10).
Parsing headers for CliffHangerEditor
  Running UnrealHeaderTool "E:\Unreal\CliffHanger\CliffHanger\CliffHanger.uproject" "E:\Unreal\CliffHanger\CliffHanger\Intermediate\Build\Win64\CliffHangerEditor\Development\CliffHangerEditor.uhtmanifest" -LogCmds="loginit warning, logexit warning, logdatabase error" -Unattended -WarningsAsErrors -installed
Reflection code generated for CliffHangerEditor in 12.0842287 seconds
Building 7 actions with 8 processes...
  [1/7] PCLaunch.rc
  [2/7] CliffHanger.cpp
  [3/7] CliffHanger.init.gen.cpp
  [4/7] TestActor.cpp
  [5/7] TestActor.gen.cpp
  [6/7] UE4Editor-CliffHanger-5481.lib
     E:\Unreal\CliffHanger\CliffHanger\Intermediate\Build\Win64\UE4Editor\Development\CliffHanger\UE4Editor-CliffHanger-5481.lib ???????? ?? E:\Unreal\CliffHanger\CliffHanger\Intermediate\Build\Win64\UE4Editor\Development\CliffHanger\UE4Editor-CliffHanger-5481.exp ??u?? ??????? ??????.
  [7/7] UE4Editor-CliffHanger-5481.dll
     E:\Unreal\CliffHanger\CliffHanger\Intermediate\Build\Win64\UE4Editor\Development\CliffHanger\UE4Editor-CliffHanger-5481.suppressed.lib ???????? ?? E:\Unreal\CliffHanger\CliffHanger\Intermediate\Build\Win64\UE4Editor\Development\CliffHanger\UE4Editor-CliffHanger-5481.suppressed.exp ??u?? ??????? ??????.
Total build time: 90.27 seconds (Parallel executor: 5.49 seconds)

[2018.11.11-11.56.06:593][707]CompilerResultsLog: New page: 컴파일 - 2018. 11. 12. 오전 5:56:06
[2018.11.11-11.56.06:594][707]CompilerResultsLog: Performing full C++ include scan (hot reloading a new target)
[2018.11.11-11.56.06:594][707]CompilerResultsLog: Using 'git status' to determine working set for adaptive non-unity build.
[2018.11.11-11.56.06:594][707]CompilerResultsLog: Creating makefile for hot reloading CliffHangerEditor (no existing makefile)
[2018.11.11-11.56.06:594][707]CompilerResultsLog: Compiling game modules for hot reload
[2018.11.11-11.56.06:594][707]CompilerResultsLog: Using Visual Studio 2015 14.0 toolchain (C:\Program Files (x86)\Microsoft Visual Studio 14.0\VC) and Windows 10.0.17763.0 SDK (C:\Program Files (x86)\Windows Kits\10).
[2018.11.11-11.56.06:594][707]CompilerResultsLog: Parsing headers for CliffHangerEditor
[2018.11.11-11.56.06:594][707]CompilerResultsLog:   Running UnrealHeaderTool "E:\Unreal\CliffHanger\CliffHanger\CliffHanger.uproject" "E:\Unreal\CliffHanger\CliffHanger\Intermediate\Build\Win64\CliffHangerEditor\Development\CliffHangerEditor.uhtmanifest" -LogCmds="loginit warning, logexit warning, logdatabase error" -Unattended -WarningsAsErrors -installed
[2018.11.11-11.56.06:594][707]CompilerResultsLog: Reflection code generated for CliffHangerEditor in 12.0842287 seconds
[2018.11.11-11.56.06:594][707]CompilerResultsLog: Building 7 actions with 8 processes...
[2018.11.11-11.56.06:594][707]CompilerResultsLog:   [1/7] PCLaunch.rc
[2018.11.11-11.56.06:594][707]CompilerResultsLog:   [2/7] CliffHanger.cpp
[2018.11.11-11.56.06:594][707]CompilerResultsLog:   [3/7] CliffHanger.init.gen.cpp
[2018.11.11-11.56.06:594][707]CompilerResultsLog:   [4/7] TestActor.cpp
[2018.11.11-11.56.06:594][707]CompilerResultsLog:   [5/7] TestActor.gen.cpp
[2018.11.11-11.56.06:594][707]CompilerResultsLog:   [6/7] UE4Editor-CliffHanger-5481.lib
[2018.11.11-11.56.06:594][707]CompilerResultsLog:      E:\Unreal\CliffHanger\CliffHanger\Intermediate\Build\Win64\UE4Editor\Development\CliffHanger\UE4Editor-CliffHanger-5481.lib ???????? ?? E:\Unreal\CliffHanger\CliffHanger\Intermediate\Build\Win64\UE4Editor\Development\CliffHanger\UE4Editor-CliffHanger-5481.exp ??u?? ??????? ??????.
[2018.11.11-11.56.06:594][707]CompilerResultsLog:   [7/7] UE4Editor-CliffHanger-5481.dll
[2018.11.11-11.56.06:594][707]CompilerResultsLog:      E:\Unreal\CliffHanger\CliffHanger\Intermediate\Build\Win64\UE4Editor\Development\CliffHanger\UE4Editor-CliffHanger-5481.suppressed.lib ???????? ?? E:\Unreal\CliffHanger\CliffHanger\Intermediate\Build\Win64\UE4Editor\Development\CliffHanger\UE4Editor-CliffHanger-5481.suppressed.exp ??u?? ??????? ??????.
[2018.11.11-11.56.06:594][707]CompilerResultsLog: Total build time: 90.27 seconds (Parallel executor: 5.49 seconds)
[2018.11.11-11.56.06:595][707]LogMainFrame: MainFrame: Module compiling took 90.667 seconds
[2018.11.11-11.56.06:595][707]Reloading module CliffHanger after successful compile.
[2018.11.11-11.56.06:975][707]LogClass: Could not find existing package /Script/CliffHanger for HotReload of class TestActor, assuming a new package.
[2018.11.11-11.56.06:978][707]LogContentBrowser: Native class hierarchy updated for 'CliffHanger' in 0.0010 seconds. Added 1 classes and 2 folders.
[2018.11.11-11.56.07:011][707]LogContentBrowser: Native class hierarchy populated in 0.0102 seconds. Added 2573 classes and 605 folders.
[2018.11.11-11.56.07:128][707]LogSlate: Window 'C++ 클래스 추가' being destroyed
[2018.11.11-11.56.48:391][996]LogVSAccessor: Warning: Visual Studio is open but could not be queried - it may be blocked by a modal operation
[2018.11.11-11.56.48:408][997]LogVSAccessor: Warning: Visual Studio is open but could not be queried - it may be blocked by a modal operation
[2018.11.11-11.56.48:764][998]LogVSAccessor: Warning: Visual Studio is open but could not be queried - it may be blocked by a modal operation
[2018.11.11-11.56.49:116][999]LogVSAccessor: Warning: Visual Studio is open but could not be queried - it may be blocked by a modal operation
[2018.11.11-11.56.49:426][  0]LogVSAccessor: Warning: Visual Studio is open but could not be queried - it may be blocked by a modal operation
[2018.11.11-11.56.49:760][  1]LogVSAccessor: Warning: Visual Studio is open but could not be queried - it may be blocked by a modal operation
